android/app/build/intermediates/manifest_merge_blame_file/release/manifest-merger-blame-release-report.txt
1<?xml version="1.0" encoding="utf-8"?>
2<manifest xmlns:android="http://schemas.android.com/apk/res/android"
3    package="com.mudani"
4    android:versionCode="1"
5    android:versionName="1.0" >
6
7    <uses-sdk
8        android:minSdkVersion="21"
8-->src/main/AndroidManifest.xml
9        android:targetSdkVersion="29" />
9-->src/main/AndroidManifest.xml
10
11    <uses-permission android:name="android.permission.INTERNET" />
11-->src/main/AndroidManifest.xml:4:5-67
11-->src/main/AndroidManifest.xml:4:22-64
12
13    <queries>
13-->[:react-native-image-crop-picker] AndroidManifest.xml:10:5-14:15
14        <intent>
14-->[:react-native-image-crop-picker] AndroidManifest.xml:11:9-13:18
15            <action android:name="android.media.action.IMAGE_CAPTURE" />
15-->[:react-native-image-crop-picker] AndroidManifest.xml:12:13-73
15-->[:react-native-image-crop-picker] AndroidManifest.xml:12:21-70
16        </intent>
17    </queries>
18
19    <uses-permission android:name="android.permission.WRITE_EXTERNAL_STORAGE" />
19-->[:react-native-image-crop-picker] AndroidManifest.xml:16:5-81
19-->[:react-native-image-crop-picker] AndroidManifest.xml:16:22-78
20    <uses-permission android:name="android.permission.ACCESS_NETWORK_STATE" />
20-->[com.google.android.gms:play-services-measurement-api:19.0.0] AndroidManifest.xml:23:5-79
20-->[com.google.android.gms:play-services-measurement-api:19.0.0] AndroidManifest.xml:23:22-76
21    <uses-permission android:name="android.permission.WAKE_LOCK" />
21-->[com.google.android.gms:play-services-measurement-api:19.0.0] AndroidManifest.xml:24:5-68
21-->[com.google.android.gms:play-services-measurement-api:19.0.0] AndroidManifest.xml:24:22-65
22
23    <uses-feature
23-->[com.plaid.link:sdk-core:3.3.0] AndroidManifest.xml:12:5-14:36
24        android:name="android.hardware.screen.portrait"
24-->[com.plaid.link:sdk-core:3.3.0] AndroidManifest.xml:13:9-56
25        android:required="false" />
25-->[com.plaid.link:sdk-core:3.3.0] AndroidManifest.xml:14:9-33
26    <uses-feature
26-->[com.plaid.link:sdk-core:3.3.0] AndroidManifest.xml:15:5-17:36
27        android:name="android.hardware.screen.landscape"
27-->[com.plaid.link:sdk-core:3.3.0] AndroidManifest.xml:16:9-57
28        android:required="false" /> <!-- Required by older versions of Google Play services to create IID tokens -->
28-->[com.plaid.link:sdk-core:3.3.0] AndroidManifest.xml:17:9-33
29    <uses-permission android:name="com.google.android.c2dm.permission.RECEIVE" />
29-->[com.google.android.gms:play-services-iid:17.0.0] AndroidManifest.xml:23:5-82
29-->[com.google.android.gms:play-services-iid:17.0.0] AndroidManifest.xml:23:22-79
30    <uses-permission android:name="com.google.android.finsky.permission.BIND_GET_INSTALL_REFERRER_SERVICE" />
30-->[com.google.android.gms:play-services-measurement:19.0.0] AndroidManifest.xml:26:5-110
30-->[com.google.android.gms:play-services-measurement:19.0.0] AndroidManifest.xml:26:22-107
31    <uses-permission android:name="android.permission.RECEIVE_BOOT_COMPLETED" />
31-->[androidx.work:work-runtime:2.5.0] AndroidManifest.xml:27:5-81
31-->[androidx.work:work-runtime:2.5.0] AndroidManifest.xml:27:22-78
32    <uses-permission android:name="android.permission.FOREGROUND_SERVICE" />
32-->[androidx.work:work-runtime:2.5.0] AndroidManifest.xml:28:5-77
32-->[androidx.work:work-runtime:2.5.0] AndroidManifest.xml:28:22-74
33
34    <application
34-->src/main/AndroidManifest.xml:6:5-36:19
35        android:name="com.mudani.MainApplication"
35-->src/main/AndroidManifest.xml:7:7-38
36        android:allowBackup="false"
36-->src/main/AndroidManifest.xml:11:7-34
37        android:appComponentFactory="androidx.core.app.CoreComponentFactory"
37-->[androidx.core:core:1.3.2] AndroidManifest.xml:24:18-86
38        android:icon="@drawable/square_app"
38-->src/main/AndroidManifest.xml:9:7-42
39        android:label="@string/app_name"
39-->src/main/AndroidManifest.xml:8:7-39
40        android:roundIcon="@drawable/circle_app"
40-->src/main/AndroidManifest.xml:10:7-47
41        android:theme="@style/AppTheme"
41-->src/main/AndroidManifest.xml:12:7-38
42        android:usesCleartextTraffic="true" >
42-->src/main/AndroidManifest.xml:13:7-42
43        <activity
43-->src/main/AndroidManifest.xml:15:9-23:20
44            android:name="com.mudani.SplashActivity"
44-->src/main/AndroidManifest.xml:16:11-41
45            android:label="@string/app_name"
45-->src/main/AndroidManifest.xml:18:11-43
46            android:theme="@style/SplashTheme" >
46-->src/main/AndroidManifest.xml:17:11-45
47
48            <!--
49          <intent-filter>
50              <action android:name="android.intent.action.MAIN" />
51              <category android:name="android.intent.category.LAUNCHER" />
52          </intent-filter>
53            -->
54        </activity>
55        <activity
55-->src/main/AndroidManifest.xml:24:7-34:18
56            android:name="com.mudani.MainActivity"
56-->src/main/AndroidManifest.xml:25:9-37
57            android:configChanges="keyboard|keyboardHidden|orientation|screenSize|uiMode"
57-->src/main/AndroidManifest.xml:27:9-86
58            android:label="@string/app_name"
58-->src/main/AndroidManifest.xml:26:9-41
59            android:launchMode="singleTask"
59-->src/main/AndroidManifest.xml:28:9-40
60            android:windowSoftInputMode="adjustResize" >
60-->src/main/AndroidManifest.xml:29:9-51
61            <intent-filter>
61-->src/main/AndroidManifest.xml:30:9-33:25
62                <action android:name="android.intent.action.MAIN" />
62-->src/main/AndroidManifest.xml:31:13-65
62-->src/main/AndroidManifest.xml:31:21-62
63
64                <category android:name="android.intent.category.LAUNCHER" />
64-->src/main/AndroidManifest.xml:32:13-73
64-->src/main/AndroidManifest.xml:32:23-70
65            </intent-filter>
66        </activity>
67        <activity android:name="com.facebook.react.devsupport.DevSettingsActivity" />
67-->src/main/AndroidManifest.xml:35:7-84
67-->src/main/AndroidManifest.xml:35:17-81
68
69        <meta-data
69-->[:react-native-plaid-link-sdk] AndroidManifest.xml:12:9-14:37
70            android:name="com.plaid.link.react_native"
70-->[:react-native-plaid-link-sdk] AndroidManifest.xml:13:13-55
71            android:value="7.0.5" />
71-->[:react-native-plaid-link-sdk] AndroidManifest.xml:14:13-34
72
73        <provider
73-->[:react-native-image-crop-picker] AndroidManifest.xml:19:9-27:20
74            android:name="androidx.core.content.FileProvider"
74-->[:react-native-image-crop-picker] AndroidManifest.xml:20:13-62
75            android:authorities="com.mudani.provider"
75-->[:react-native-image-crop-picker] AndroidManifest.xml:21:13-60
76            android:exported="false"
76-->[:react-native-image-crop-picker] AndroidManifest.xml:22:13-37
77            android:grantUriPermissions="true" >
77-->[:react-native-image-crop-picker] AndroidManifest.xml:23:13-47
78            <meta-data
78-->[:react-native-image-crop-picker] AndroidManifest.xml:24:13-26:58
79                android:name="android.support.FILE_PROVIDER_PATHS"
79-->[:react-native-image-crop-picker] AndroidManifest.xml:25:17-67
80                android:resource="@xml/provider_paths" />
80-->[:react-native-image-crop-picker] AndroidManifest.xml:26:17-55
81        </provider>
82
83        <activity
83-->[:react-native-image-crop-picker] AndroidManifest.xml:29:9-31:72
84            android:name="com.yalantis.ucrop.UCropActivity"
84-->[:react-native-image-crop-picker] AndroidManifest.xml:30:13-60
85            android:theme="@style/Theme.AppCompat.Light.NoActionBar" />
85-->[:react-native-image-crop-picker] AndroidManifest.xml:31:13-69
86
87        <service
87-->[com.google.android.gms:play-services-measurement-api:19.0.0] AndroidManifest.xml:27:9-33:19
88            android:name="com.google.firebase.components.ComponentDiscoveryService"
88-->[com.google.android.gms:play-services-measurement-api:19.0.0] AndroidManifest.xml:28:13-84
89            android:directBootAware="true"
89-->[com.google.firebase:firebase-common:20.0.0] AndroidManifest.xml:35:13-43
90            android:exported="false" >
90-->[com.google.android.gms:play-services-measurement-api:19.0.0] AndroidManifest.xml:29:13-37
91            <meta-data
91-->[com.google.android.gms:play-services-measurement-api:19.0.0] AndroidManifest.xml:30:13-32:85
92                android:name="com.google.firebase.components:com.google.firebase.analytics.connector.internal.AnalyticsConnectorRegistrar"
92-->[com.google.android.gms:play-services-measurement-api:19.0.0] AndroidManifest.xml:31:17-139
93                android:value="com.google.firebase.components.ComponentRegistrar" />
93-->[com.google.android.gms:play-services-measurement-api:19.0.0] AndroidManifest.xml:32:17-82
94            <meta-data
94-->[com.google.firebase:firebase-installations:17.0.0] AndroidManifest.xml:18:13-20:85
95                android:name="com.google.firebase.components:com.google.firebase.installations.FirebaseInstallationsRegistrar"
95-->[com.google.firebase:firebase-installations:17.0.0] AndroidManifest.xml:19:17-127
96                android:value="com.google.firebase.components.ComponentRegistrar" />
96-->[com.google.firebase:firebase-installations:17.0.0] AndroidManifest.xml:20:17-82
97        </service>
98
99        <provider
99-->[com.google.firebase:firebase-common:20.0.0] AndroidManifest.xml:26:9-31:39
100            android:name="com.google.firebase.provider.FirebaseInitProvider"
100-->[com.google.firebase:firebase-common:20.0.0] AndroidManifest.xml:27:13-77
101            android:authorities="com.mudani.firebaseinitprovider"
101-->[com.google.firebase:firebase-common:20.0.0] AndroidManifest.xml:28:13-72
102            android:directBootAware="true"
102-->[com.google.firebase:firebase-common:20.0.0] AndroidManifest.xml:29:13-43
103            android:exported="false"
103-->[com.google.firebase:firebase-common:20.0.0] AndroidManifest.xml:30:13-37
104            android:initOrder="100" />
104-->[com.google.firebase:firebase-common:20.0.0] AndroidManifest.xml:31:13-36
105
106        <activity
106-->[com.plaid.link:sdk-core:3.3.0] AndroidManifest.xml:20:9-29:20
107            android:name="com.plaid.link.StorybookActivity"
107-->[com.plaid.link:sdk-core:3.3.0] AndroidManifest.xml:21:13-60
108            android:theme="@style/PlaidTheme"
108-->[com.plaid.link:sdk-core:3.3.0] AndroidManifest.xml:22:13-46
109            android:windowSoftInputMode="adjustResize" >
109-->[com.plaid.link:sdk-core:3.3.0] AndroidManifest.xml:23:13-55
110            <intent-filter>
110-->[com.plaid.link:sdk-core:3.3.0] AndroidManifest.xml:24:13-28:29
111                <action android:name="plaid.link.storybook" />
111-->[com.plaid.link:sdk-core:3.3.0] AndroidManifest.xml:25:17-63
111-->[com.plaid.link:sdk-core:3.3.0] AndroidManifest.xml:25:25-60
112
113                <category android:name="android.intent.category.DEFAULT" />
113-->[com.plaid.link:sdk-core:3.3.0] AndroidManifest.xml:27:17-76
113-->[com.plaid.link:sdk-core:3.3.0] AndroidManifest.xml:27:27-73
114            </intent-filter>
115        </activity>
116        <activity android:name="com.plaid.link.StorybookRedirectActivity" >
116-->[com.plaid.link:sdk-core:3.3.0] AndroidManifest.xml:30:9-41:20
116-->[com.plaid.link:sdk-core:3.3.0] AndroidManifest.xml:30:19-74
117            <intent-filter>
117-->[com.plaid.link:sdk-core:3.3.0] AndroidManifest.xml:31:13-40:29
118                <action android:name="android.intent.action.VIEW" />
118-->[com.plaid.link:sdk-core:3.3.0] AndroidManifest.xml:32:17-69
118-->[com.plaid.link:sdk-core:3.3.0] AndroidManifest.xml:32:25-66
119
120                <category android:name="android.intent.category.DEFAULT" />
120-->[com.plaid.link:sdk-core:3.3.0] AndroidManifest.xml:27:17-76
120-->[com.plaid.link:sdk-core:3.3.0] AndroidManifest.xml:27:27-73
121                <category android:name="android.intent.category.BROWSABLE" />
121-->[com.plaid.link:sdk-core:3.3.0] AndroidManifest.xml:35:17-78
121-->[com.plaid.link:sdk-core:3.3.0] AndroidManifest.xml:35:27-75
122
123                <data
123-->[com.plaid.link:sdk-core:3.3.0] AndroidManifest.xml:37:17-39:46
124                    android:host="storybookoauth"
124-->[com.plaid.link:sdk-core:3.3.0] AndroidManifest.xml:38:21-50
125                    android:scheme="plaid" />
125-->[com.plaid.link:sdk-core:3.3.0] AndroidManifest.xml:39:21-43
126            </intent-filter>
127        </activity>
128        <activity
128-->[com.plaid.link:sdk-core:3.3.0] AndroidManifest.xml:42:9-55:20
129            android:name="com.plaid.internal.LinkRedirectActivity"
129-->[com.plaid.link:sdk-core:3.3.0] AndroidManifest.xml:43:13-67
130            android:theme="@android:style/Theme.Material.NoActionBar" >
130-->[com.plaid.link:sdk-core:3.3.0] AndroidManifest.xml:44:13-70
131            <intent-filter>
131-->[com.plaid.link:sdk-core:3.3.0] AndroidManifest.xml:45:13-54:29
132                <action android:name="android.intent.action.VIEW" />
132-->[com.plaid.link:sdk-core:3.3.0] AndroidManifest.xml:32:17-69
132-->[com.plaid.link:sdk-core:3.3.0] AndroidManifest.xml:32:25-66
133
134                <category android:name="android.intent.category.DEFAULT" />
134-->[com.plaid.link:sdk-core:3.3.0] AndroidManifest.xml:27:17-76
134-->[com.plaid.link:sdk-core:3.3.0] AndroidManifest.xml:27:27-73
135                <category android:name="android.intent.category.BROWSABLE" />
135-->[com.plaid.link:sdk-core:3.3.0] AndroidManifest.xml:35:17-78
135-->[com.plaid.link:sdk-core:3.3.0] AndroidManifest.xml:35:27-75
136
137                <data
137-->[com.plaid.link:sdk-core:3.3.0] AndroidManifest.xml:37:17-39:46
138                    android:host="redirect"
138-->[com.plaid.link:sdk-core:3.3.0] AndroidManifest.xml:38:21-50
139                    android:scheme="plaid" />
139-->[com.plaid.link:sdk-core:3.3.0] AndroidManifest.xml:39:21-43
140            </intent-filter>
141        </activity>
142        <activity
142-->[com.plaid.link:sdk-core:3.3.0] AndroidManifest.xml:56:9-59:49
143            android:name="com.plaid.internal.link.LinkWebViewActivity"
143-->[com.plaid.link:sdk-core:3.3.0] AndroidManifest.xml:57:13-71
144            android:screenOrientation="portrait"
144-->[com.plaid.link:sdk-core:3.3.0] AndroidManifest.xml:58:13-49
145            android:theme="@style/PlaidTheme" />
145-->[com.plaid.link:sdk-core:3.3.0] AndroidManifest.xml:59:13-46
146        <activity
146-->[com.plaid.link:sdk-core:3.3.0] AndroidManifest.xml:60:9-62:49
147            android:name="com.plaid.internal.link.LinkActivity"
147-->[com.plaid.link:sdk-core:3.3.0] AndroidManifest.xml:61:13-64
148            android:theme="@style/PlaidTheme" />
148-->[com.plaid.link:sdk-core:3.3.0] AndroidManifest.xml:62:13-46
149        <activity
149-->[com.google.android.gms:play-services-base:17.0.0] AndroidManifest.xml:23:9-26:75
150            android:name="com.google.android.gms.common.api.GoogleApiActivity"
150-->[com.google.android.gms:play-services-base:17.0.0] AndroidManifest.xml:24:13-79
151            android:exported="false"
151-->[com.google.android.gms:play-services-base:17.0.0] AndroidManifest.xml:25:13-37
152            android:theme="@android:style/Theme.Translucent.NoTitleBar" />
152-->[com.google.android.gms:play-services-base:17.0.0] AndroidManifest.xml:26:13-72
153
154        <receiver
154-->[com.google.android.gms:play-services-measurement:19.0.0] AndroidManifest.xml:29:9-33:20
155            android:name="com.google.android.gms.measurement.AppMeasurementReceiver"
155-->[com.google.android.gms:play-services-measurement:19.0.0] AndroidManifest.xml:30:13-85
156            android:enabled="true"
156-->[com.google.android.gms:play-services-measurement:19.0.0] AndroidManifest.xml:31:13-35
157            android:exported="false" >
157-->[com.google.android.gms:play-services-measurement:19.0.0] AndroidManifest.xml:32:13-37
158        </receiver>
159
160        <service
160-->[com.google.android.gms:play-services-measurement:19.0.0] AndroidManifest.xml:35:9-38:40
161            android:name="com.google.android.gms.measurement.AppMeasurementService"
161-->[com.google.android.gms:play-services-measurement:19.0.0] AndroidManifest.xml:36:13-84
162            android:enabled="true"
162-->[com.google.android.gms:play-services-measurement:19.0.0] AndroidManifest.xml:37:13-35
163            android:exported="false" />
163-->[com.google.android.gms:play-services-measurement:19.0.0] AndroidManifest.xml:38:13-37
164        <service
164-->[com.google.android.gms:play-services-measurement:19.0.0] AndroidManifest.xml:39:9-43:72
165            android:name="com.google.android.gms.measurement.AppMeasurementJobService"
165-->[com.google.android.gms:play-services-measurement:19.0.0] AndroidManifest.xml:40:13-87
166            android:enabled="true"
166-->[com.google.android.gms:play-services-measurement:19.0.0] AndroidManifest.xml:41:13-35
167            android:exported="false"
167-->[com.google.android.gms:play-services-measurement:19.0.0] AndroidManifest.xml:42:13-37
168            android:permission="android.permission.BIND_JOB_SERVICE" />
168-->[com.google.android.gms:play-services-measurement:19.0.0] AndroidManifest.xml:43:13-69
169
170        <meta-data
170-->[com.google.android.gms:play-services-basement:17.0.0] AndroidManifest.xml:23:9-25:69
171            android:name="com.google.android.gms.version"
171-->[com.google.android.gms:play-services-basement:17.0.0] AndroidManifest.xml:24:13-58
172            android:value="@integer/google_play_services_version" />
172-->[com.google.android.gms:play-services-basement:17.0.0] AndroidManifest.xml:25:13-66
173
174        <provider
174-->[androidx.lifecycle:lifecycle-process:2.2.0] AndroidManifest.xml:25:9-29:43
175            android:name="androidx.lifecycle.ProcessLifecycleOwnerInitializer"
175-->[androidx.lifecycle:lifecycle-process:2.2.0] AndroidManifest.xml:26:13-79
176            android:authorities="com.mudani.lifecycle-process"
176-->[androidx.lifecycle:lifecycle-process:2.2.0] AndroidManifest.xml:27:13-69
177            android:exported="false"
177-->[androidx.lifecycle:lifecycle-process:2.2.0] AndroidManifest.xml:28:13-37
178            android:multiprocess="true" />
178-->[androidx.lifecycle:lifecycle-process:2.2.0] AndroidManifest.xml:29:13-40
179        <provider
179-->[androidx.work:work-runtime:2.5.0] AndroidManifest.xml:31:9-37:35
180            android:name="androidx.work.impl.WorkManagerInitializer"
180-->[androidx.work:work-runtime:2.5.0] AndroidManifest.xml:32:13-69
181            android:authorities="com.mudani.workmanager-init"
181-->[androidx.work:work-runtime:2.5.0] AndroidManifest.xml:33:13-68
182            android:directBootAware="false"
182-->[androidx.work:work-runtime:2.5.0] AndroidManifest.xml:34:13-44
183            android:exported="false"
183-->[androidx.work:work-runtime:2.5.0] AndroidManifest.xml:35:13-37
184            android:multiprocess="true" />
184-->[androidx.work:work-runtime:2.5.0] AndroidManifest.xml:36:13-40
185
186        <service
186-->[androidx.work:work-runtime:2.5.0] AndroidManifest.xml:39:9-44:35
187            android:name="androidx.work.impl.background.systemalarm.SystemAlarmService"
187-->[androidx.work:work-runtime:2.5.0] AndroidManifest.xml:40:13-88
188            android:directBootAware="false"
188-->[androidx.work:work-runtime:2.5.0] AndroidManifest.xml:41:13-44
189            android:enabled="@bool/enable_system_alarm_service_default"
189-->[androidx.work:work-runtime:2.5.0] AndroidManifest.xml:42:13-72
190            android:exported="false" />
190-->[androidx.work:work-runtime:2.5.0] AndroidManifest.xml:43:13-37
191        <service
191-->[androidx.work:work-runtime:2.5.0] AndroidManifest.xml:45:9-51:35
192            android:name="androidx.work.impl.background.systemjob.SystemJobService"
192-->[androidx.work:work-runtime:2.5.0] AndroidManifest.xml:46:13-84
193            android:directBootAware="false"
193-->[androidx.work:work-runtime:2.5.0] AndroidManifest.xml:47:13-44
194            android:enabled="@bool/enable_system_job_service_default"
194-->[androidx.work:work-runtime:2.5.0] AndroidManifest.xml:48:13-70
195            android:exported="true"
195-->[androidx.work:work-runtime:2.5.0] AndroidManifest.xml:49:13-36
196            android:permission="android.permission.BIND_JOB_SERVICE" />
196-->[androidx.work:work-runtime:2.5.0] AndroidManifest.xml:50:13-69
197        <service
197-->[androidx.work:work-runtime:2.5.0] AndroidManifest.xml:52:9-57:35
198            android:name="androidx.work.impl.foreground.SystemForegroundService"
198-->[androidx.work:work-runtime:2.5.0] AndroidManifest.xml:53:13-81
199            android:directBootAware="false"
199-->[androidx.work:work-runtime:2.5.0] AndroidManifest.xml:54:13-44
200            android:enabled="@bool/enable_system_foreground_service_default"
200-->[androidx.work:work-runtime:2.5.0] AndroidManifest.xml:55:13-77
201            android:exported="false" />
201-->[androidx.work:work-runtime:2.5.0] AndroidManifest.xml:56:13-37
202
203        <receiver
203-->[androidx.work:work-runtime:2.5.0] AndroidManifest.xml:59:9-64:35
204            android:name="androidx.work.impl.utils.ForceStopRunnable$BroadcastReceiver"
204-->[androidx.work:work-runtime:2.5.0] AndroidManifest.xml:60:13-88
205            android:directBootAware="false"
205-->[androidx.work:work-runtime:2.5.0] AndroidManifest.xml:61:13-44
206            android:enabled="true"
206-->[androidx.work:work-runtime:2.5.0] AndroidManifest.xml:62:13-35
207            android:exported="false" />
207-->[androidx.work:work-runtime:2.5.0] AndroidManifest.xml:63:13-37
208        <receiver
208-->[androidx.work:work-runtime:2.5.0] AndroidManifest.xml:65:9-75:20
209            android:name="androidx.work.impl.background.systemalarm.ConstraintProxy$BatteryChargingProxy"
209-->[androidx.work:work-runtime:2.5.0] AndroidManifest.xml:66:13-106
210            android:directBootAware="false"
210-->[androidx.work:work-runtime:2.5.0] AndroidManifest.xml:67:13-44
211            android:enabled="false"
211-->[androidx.work:work-runtime:2.5.0] AndroidManifest.xml:68:13-36
212            android:exported="false" >
212-->[androidx.work:work-runtime:2.5.0] AndroidManifest.xml:69:13-37
213            <intent-filter>
213-->[androidx.work:work-runtime:2.5.0] AndroidManifest.xml:71:13-74:29
214                <action android:name="android.intent.action.ACTION_POWER_CONNECTED" />
214-->[androidx.work:work-runtime:2.5.0] AndroidManifest.xml:72:17-87
214-->[androidx.work:work-runtime:2.5.0] AndroidManifest.xml:72:25-84
215                <action android:name="android.intent.action.ACTION_POWER_DISCONNECTED" />
215-->[androidx.work:work-runtime:2.5.0] AndroidManifest.xml:73:17-90
215-->[androidx.work:work-runtime:2.5.0] AndroidManifest.xml:73:25-87
216            </intent-filter>
217        </receiver>
218        <receiver
218-->[androidx.work:work-runtime:2.5.0] AndroidManifest.xml:76:9-86:20
219            android:name="androidx.work.impl.background.systemalarm.ConstraintProxy$BatteryNotLowProxy"
219-->[androidx.work:work-runtime:2.5.0] AndroidManifest.xml:77:13-104
220            android:directBootAware="false"
220-->[androidx.work:work-runtime:2.5.0] AndroidManifest.xml:78:13-44
221            android:enabled="false"
221-->[androidx.work:work-runtime:2.5.0] AndroidManifest.xml:79:13-36
222            android:exported="false" >
222-->[androidx.work:work-runtime:2.5.0] AndroidManifest.xml:80:13-37
223            <intent-filter>
223-->[androidx.work:work-runtime:2.5.0] AndroidManifest.xml:82:13-85:29
224                <action android:name="android.intent.action.BATTERY_OKAY" />
224-->[androidx.work:work-runtime:2.5.0] AndroidManifest.xml:83:17-77
224-->[androidx.work:work-runtime:2.5.0] AndroidManifest.xml:83:25-74
225                <action android:name="android.intent.action.BATTERY_LOW" />
225-->[androidx.work:work-runtime:2.5.0] AndroidManifest.xml:84:17-76
225-->[androidx.work:work-runtime:2.5.0] AndroidManifest.xml:84:25-73
226            </intent-filter>
227        </receiver>
228        <receiver
228-->[androidx.work:work-runtime:2.5.0] AndroidManifest.xml:87:9-97:20
229            android:name="androidx.work.impl.background.systemalarm.ConstraintProxy$StorageNotLowProxy"
229-->[androidx.work:work-runtime:2.5.0] AndroidManifest.xml:88:13-104
230            android:directBootAware="false"
230-->[androidx.work:work-runtime:2.5.0] AndroidManifest.xml:89:13-44
231            android:enabled="false"
231-->[androidx.work:work-runtime:2.5.0] AndroidManifest.xml:90:13-36
232            android:exported="false" >
232-->[androidx.work:work-runtime:2.5.0] AndroidManifest.xml:91:13-37
233            <intent-filter>
233-->[androidx.work:work-runtime:2.5.0] AndroidManifest.xml:93:13-96:29
234                <action android:name="android.intent.action.DEVICE_STORAGE_LOW" />
234-->[androidx.work:work-runtime:2.5.0] AndroidManifest.xml:94:17-83
234-->[androidx.work:work-runtime:2.5.0] AndroidManifest.xml:94:25-80
235                <action android:name="android.intent.action.DEVICE_STORAGE_OK" />
235-->[androidx.work:work-runtime:2.5.0] AndroidManifest.xml:95:17-82
235-->[androidx.work:work-runtime:2.5.0] AndroidManifest.xml:95:25-79
236            </intent-filter>
237        </receiver>
238        <receiver
238-->[androidx.work:work-runtime:2.5.0] AndroidManifest.xml:98:9-107:20
239            android:name="androidx.work.impl.background.systemalarm.ConstraintProxy$NetworkStateProxy"
239-->[androidx.work:work-runtime:2.5.0] AndroidManifest.xml:99:13-103
240            android:directBootAware="false"
240-->[androidx.work:work-runtime:2.5.0] AndroidManifest.xml:100:13-44
241            android:enabled="false"
241-->[androidx.work:work-runtime:2.5.0] AndroidManifest.xml:101:13-36
242            android:exported="false" >
242-->[androidx.work:work-runtime:2.5.0] AndroidManifest.xml:102:13-37
243            <intent-filter>
243-->[androidx.work:work-runtime:2.5.0] AndroidManifest.xml:104:13-106:29
244                <action android:name="android.net.conn.CONNECTIVITY_CHANGE" />
244-->[androidx.work:work-runtime:2.5.0] AndroidManifest.xml:105:17-79
244-->[androidx.work:work-runtime:2.5.0] AndroidManifest.xml:105:25-76
245            </intent-filter>
246        </receiver>
247        <receiver
247-->[androidx.work:work-runtime:2.5.0] AndroidManifest.xml:108:9-119:20
248            android:name="androidx.work.impl.background.systemalarm.RescheduleReceiver"
248-->[androidx.work:work-runtime:2.5.0] AndroidManifest.xml:109:13-88
249            android:directBootAware="false"
249-->[androidx.work:work-runtime:2.5.0] AndroidManifest.xml:110:13-44
250            android:enabled="false"
250-->[androidx.work:work-runtime:2.5.0] AndroidManifest.xml:111:13-36
251            android:exported="false" >
251-->[androidx.work:work-runtime:2.5.0] AndroidManifest.xml:112:13-37
252            <intent-filter>
252-->[androidx.work:work-runtime:2.5.0] AndroidManifest.xml:114:13-118:29
253                <action android:name="android.intent.action.BOOT_COMPLETED" />
253-->[androidx.work:work-runtime:2.5.0] AndroidManifest.xml:115:17-79
253-->[androidx.work:work-runtime:2.5.0] AndroidManifest.xml:115:25-76
254                <action android:name="android.intent.action.TIME_SET" />
254-->[androidx.work:work-runtime:2.5.0] AndroidManifest.xml:116:17-73
254-->[androidx.work:work-runtime:2.5.0] AndroidManifest.xml:116:25-70
255                <action android:name="android.intent.action.TIMEZONE_CHANGED" />
255-->[androidx.work:work-runtime:2.5.0] AndroidManifest.xml:117:17-81
255-->[androidx.work:work-runtime:2.5.0] AndroidManifest.xml:117:25-78
256            </intent-filter>
257        </receiver>
258        <receiver
258-->[androidx.work:work-runtime:2.5.0] AndroidManifest.xml:120:9-129:20
259            android:name="androidx.work.impl.background.systemalarm.ConstraintProxyUpdateReceiver"
259-->[androidx.work:work-runtime:2.5.0] AndroidManifest.xml:121:13-99
260            android:directBootAware="false"
260-->[androidx.work:work-runtime:2.5.0] AndroidManifest.xml:122:13-44
261            android:enabled="@bool/enable_system_alarm_service_default"
261-->[androidx.work:work-runtime:2.5.0] AndroidManifest.xml:123:13-72
262            android:exported="false" >
262-->[androidx.work:work-runtime:2.5.0] AndroidManifest.xml:124:13-37
263            <intent-filter>
263-->[androidx.work:work-runtime:2.5.0] AndroidManifest.xml:126:13-128:29
264                <action android:name="androidx.work.impl.background.systemalarm.UpdateProxies" />
264-->[androidx.work:work-runtime:2.5.0] AndroidManifest.xml:127:17-98
264-->[androidx.work:work-runtime:2.5.0] AndroidManifest.xml:127:25-95
265            </intent-filter>
266        </receiver>
267        <receiver
267-->[androidx.work:work-runtime:2.5.0] AndroidManifest.xml:130:9-140:20
268            android:name="androidx.work.impl.diagnostics.DiagnosticsReceiver"
268-->[androidx.work:work-runtime:2.5.0] AndroidManifest.xml:131:13-78
269            android:directBootAware="false"
269-->[androidx.work:work-runtime:2.5.0] AndroidManifest.xml:132:13-44
270            android:enabled="true"
270-->[androidx.work:work-runtime:2.5.0] AndroidManifest.xml:133:13-35
271            android:exported="true"
271-->[androidx.work:work-runtime:2.5.0] AndroidManifest.xml:134:13-36
272            android:permission="android.permission.DUMP" >
272-->[androidx.work:work-runtime:2.5.0] AndroidManifest.xml:135:13-57
273            <intent-filter>
273-->[androidx.work:work-runtime:2.5.0] AndroidManifest.xml:137:13-139:29
274                <action android:name="androidx.work.diagnostics.REQUEST_DIAGNOSTICS" />
274-->[androidx.work:work-runtime:2.5.0] AndroidManifest.xml:138:17-88
274-->[androidx.work:work-runtime:2.5.0] AndroidManifest.xml:138:25-85
275            </intent-filter>
276        </receiver>
277
278        <service
278-->[androidx.room:room-runtime:2.2.6] AndroidManifest.xml:25:9-28:40